<?xml version="1.0" encoding="UTF-8"?>
<testsuite name="com.losheroes.clients.ClientsApplicationTests" tests="1" skipped="0" failures="0" errors="0" timestamp="2022-11-30T17:11:06" hostname="iMac-Pro.local" time="0.169">
  <properties/>
  <testcase name="contextLoads()" classname="com.losheroes.clients.ClientsApplicationTests" time="0.169"/>
  <system-out><![CDATA[12:11:03.137 [Test worker] DEBUG org.springframework.test.context.BootstrapUtils - Instantiating CacheAwareContextLoaderDelegate from class [org.springframework.test.context.cache.DefaultCacheAwareContextLoaderDelegate]
12:11:03.145 [Test worker] DEBUG org.springframework.test.context.BootstrapUtils - Instantiating BootstrapContext using constructor [public org.springframework.test.context.support.DefaultBootstrapContext(java.lang.Class,org.springframework.test.context.CacheAwareContextLoaderDelegate)]
12:11:03.165 [Test worker] DEBUG org.springframework.test.context.BootstrapUtils - Instantiating TestContextBootstrapper for test class [com.losheroes.clients.ClientsApplicationTests] from class [org.springframework.boot.test.context.SpringBootTestContextBootstrapper]
12:11:03.173 [Test worker] INFO org.springframework.boot.test.context.SpringBootTestContextBootstrapper - Neither @ContextConfiguration nor @ContextHierarchy found for test class [com.losheroes.clients.ClientsApplicationTests], using SpringBootContextLoader
12:11:03.175 [Test worker] DEBUG org.springframework.test.context.support.AbstractContextLoader - Did not detect default resource location for test class [com.losheroes.clients.ClientsApplicationTests]: class path resource [com/losheroes/clients/ClientsApplicationTests-context.xml] does not exist
12:11:03.175 [Test worker] DEBUG org.springframework.test.context.support.AbstractContextLoader - Did not detect default resource location for test class [com.losheroes.clients.ClientsApplicationTests]: class path resource [com/losheroes/clients/ClientsApplicationTestsContext.groovy] does not exist
12:11:03.176 [Test worker] INFO org.springframework.test.context.support.AbstractContextLoader - Could not detect default resource locations for test class [com.losheroes.clients.ClientsApplicationTests]: no resource found for suffixes {-context.xml, Context.groovy}.
12:11:03.176 [Test worker] INFO org.springframework.test.context.support.AnnotationConfigContextLoaderUtils - Could not detect default configuration classes for test class [com.losheroes.clients.ClientsApplicationTests]: ClientsApplicationTests does not declare any static, non-private, non-final, nested classes annotated with @Configuration.
12:11:03.200 [Test worker] DEBUG org.springframework.test.context.support.ActiveProfilesUtils - Could not find an 'annotation declaring class' for annotation type [org.springframework.test.context.ActiveProfiles] and class [com.losheroes.clients.ClientsApplicationTests]
12:11:03.236 [Test worker] DEBUG org.springframework.context.annotation.ClassPathScanningCandidateComponentProvider - Identified candidate component class: file [/Users/luiscontreras/Documents/proyectos/los-heroes/los-heroes-client/build/classes/java/main/com/losheroes/clients/ClientsApplication.class]
12:11:03.237 [Test worker] INFO org.springframework.boot.test.context.SpringBootTestContextBootstrapper - Found @SpringBootConfiguration com.losheroes.clients.ClientsApplication for test class com.losheroes.clients.ClientsApplicationTests
12:11:03.297 [Test worker] DEBUG org.springframework.boot.test.context.SpringBootTestContextBootstrapper - @TestExecutionListeners is not present for class [com.losheroes.clients.ClientsApplicationTests]: using defaults.
12:11:03.298 [Test worker] INFO org.springframework.boot.test.context.SpringBootTestContextBootstrapper - Loaded default TestExecutionListener class names from location [META-INF/spring.factories]: [org.springframework.boot.test.autoconfigure.restdocs.RestDocsTestExecutionListener, org.springframework.boot.test.autoconfigure.web.client.MockRestServiceServerResetTestExecutionListener, org.springframework.boot.test.autoconfigure.web.servlet.MockMvcPrintOnlyOnFailureTestExecutionListener, org.springframework.boot.test.autoconfigure.web.servlet.WebDriverTestExecutionListener, org.springframework.boot.test.autoconfigure.webservices.client.MockWebServiceServerTestExecutionListener, org.springframework.boot.test.mock.mockito.MockitoTestExecutionListener, org.springframework.boot.test.mock.mockito.ResetMocksTestExecutionListener, org.springframework.test.context.web.ServletTestExecutionListener, org.springframework.test.context.support.DirtiesContextBeforeModesTestExecutionListener, org.springframework.test.context.support.DependencyInjectionTestExecutionListener, org.springframework.test.context.support.DirtiesContextTestExecutionListener, org.springframework.test.context.transaction.TransactionalTestExecutionListener, org.springframework.test.context.jdbc.SqlScriptsTestExecutionListener, org.springframework.test.context.event.EventPublishingTestExecutionListener]
12:11:03.306 [Test worker] INFO org.springframework.boot.test.context.SpringBootTestContextBootstrapper - Using TestExecutionListeners: [org.springframework.test.context.web.ServletTestExecutionListener@65f87a2c, org.springframework.test.context.support.DirtiesContextBeforeModesTestExecutionListener@51684e4a, org.springframework.boot.test.mock.mockito.MockitoTestExecutionListener@6ce1f601, org.springframework.boot.test.autoconfigure.SpringBootDependencyInjectionTestExecutionListener@38875e7d, org.springframework.test.context.support.DirtiesContextTestExecutionListener@1e886a5b, org.springframework.test.context.transaction.TransactionalTestExecutionListener@d816dde, org.springframework.test.context.jdbc.SqlScriptsTestExecutionListener@6e33c391, org.springframework.test.context.event.EventPublishingTestExecutionListener@6c451c9c, org.springframework.boot.test.autoconfigure.restdocs.RestDocsTestExecutionListener@31c269fd, org.springframework.boot.test.autoconfigure.web.client.MockRestServiceServerResetTestExecutionListener@372b0d86, org.springframework.boot.test.autoconfigure.web.servlet.MockMvcPrintOnlyOnFailureTestExecutionListener@47747fb9, org.springframework.boot.test.autoconfigure.web.servlet.WebDriverTestExecutionListener@3113a37, org.springframework.boot.test.autoconfigure.webservices.client.MockWebServiceServerTestExecutionListener@213e3629, org.springframework.boot.test.mock.mockito.ResetMocksTestExecutionListener@4e9658b5]
12:11:03.308 [Test worker] DEBUG org.springframework.test.context.support.AbstractDirtiesContextTestExecutionListener - Before test class: context [DefaultTestContext@36ac8a63 testClass = ClientsApplicationTests, testInstance = [null], testMethod = [null], testException = [null], mergedContextConfiguration = [WebMergedContextConfiguration@4d9d1b69 testClass = ClientsApplicationTests, locations = '{}', classes = '{class com.losheroes.clients.ClientsApplication}', contextInitializerClasses = '[]', activeProfiles = '{}', propertySourceLocations = '{}', propertySourceProperties = '{org.springframework.boot.test.context.SpringBootTestContextBootstrapper=true}', contextCustomizers = set[org.springframework.boot.test.autoconfigure.properties.PropertyMappingContextCustomizer@0, org.springframework.boot.test.autoconfigure.web.servlet.WebDriverContextCustomizerFactory$Customizer@6eeade6c, org.springframework.boot.test.context.filter.ExcludeFilterContextCustomizer@16746061, org.springframework.boot.test.json.DuplicateJsonObjectContextCustomizerFactory$DuplicateJsonObjectContextCustomizer@52045dbe, org.springframework.boot.test.mock.mockito.MockitoContextCustomizer@0, org.springframework.boot.test.web.client.TestRestTemplateContextCustomizer@10c626be, org.springframework.boot.test.context.SpringBootTestArgs@1], resourceBasePath = 'src/main/webapp', contextLoader = 'org.springframework.boot.test.context.SpringBootContextLoader', parent = [null]], attributes = map['org.springframework.test.context.web.ServletTestExecutionListener.activateListener' -> true]], class annotated with @DirtiesContext [false] with mode [null].
12:11:03.334 [Test worker] DEBUG org.springframework.test.context.support.TestPropertySourceUtils - Adding inlined properties to environment: {spring.jmx.enabled=false, org.springframework.boot.test.context.SpringBootTestContextBootstrapper=true}

  .   ____          _            __ _ _
 /\\ / ___'_ __ _ _(_)_ __  __ _ \ \ \ \
( ( )\___ | '_ | '_| | '_ \/ _` | \ \ \ \
 \\/  ___)| |_)| | | | | || (_| |  ) ) ) )
  '  |____| .__|_| |_|_| |_\__, | / / / /
 =========|_|==============|___/=/_/_/_/
 :: Spring Boot ::        (v2.3.3.RELEASE)

2022-11-30 12:11:03.490  INFO 7591 --- [    Test worker] c.l.clients.ClientsApplicationTests      : Starting ClientsApplicationTests on iMac-Pro.local with PID 7591 (started by luiscontreras in /Users/luiscontreras/Documents/proyectos/los-heroes/los-heroes-client)
2022-11-30 12:11:03.491  INFO 7591 --- [    Test worker] c.l.clients.ClientsApplicationTests      : No active profile set, falling back to default profiles: default
2022-11-30 12:11:04.036  INFO 7591 --- [    Test worker] .s.d.r.c.RepositoryConfigurationDelegate : Bootstrapping Spring Data MongoDB repositories in DEFAULT mode.
2022-11-30 12:11:04.079  INFO 7591 --- [    Test worker] .s.d.r.c.RepositoryConfigurationDelegate : Finished Spring Data repository scanning in 40ms. Found 1 MongoDB repository interfaces.
2022-11-30 12:11:04.301  INFO 7591 --- [    Test worker] trationDelegate$BeanPostProcessorChecker : Bean 'org.springframework.security.access.expression.method.DefaultMethodSecurityExpressionHandler@7abeabe9' of type [org.springframework.security.access.expression.method.DefaultMethodSecurityExpressionHandler] is not eligible for getting processed by all BeanPostProcessors (for example: not eligible for auto-proxying)
2022-11-30 12:11:04.310  INFO 7591 --- [    Test worker] trationDelegate$BeanPostProcessorChecker : Bean 'methodSecurityMetadataSource' of type [org.springframework.security.access.method.DelegatingMethodSecurityMetadataSource] is not eligible for getting processed by all BeanPostProcessors (for example: not eligible for auto-proxying)
2022-11-30 12:11:04.525  INFO 7591 --- [    Test worker] org.mongodb.driver.cluster               : Cluster created with settings {hosts=[127.0.0.1:27017], srvHost=cluster0.pk1uu26.mongodb.net, mode=MULTIPLE, requiredClusterType=REPLICA_SET, serverSelectionTimeout='30000 ms', requiredReplicaSetName='atlas-kcob8x-shard-0'}
2022-11-30 12:11:04.594  INFO 7591 --- [u26.mongodb.net] org.mongodb.driver.cluster               : Adding discovered server ac-nqexlnh-shard-00-00.pk1uu26.mongodb.net:27017 to client view of cluster
2022-11-30 12:11:04.616  INFO 7591 --- [u26.mongodb.net] org.mongodb.driver.cluster               : Adding discovered server ac-nqexlnh-shard-00-01.pk1uu26.mongodb.net:27017 to client view of cluster
2022-11-30 12:11:04.617  INFO 7591 --- [u26.mongodb.net] org.mongodb.driver.cluster               : Adding discovered server ac-nqexlnh-shard-00-02.pk1uu26.mongodb.net:27017 to client view of cluster
2022-11-30 12:11:05.354  INFO 7591 --- [ngodb.net:27017] org.mongodb.driver.connection            : Opened connection [connectionId{localValue:2, serverValue:10563}] to ac-nqexlnh-shard-00-01.pk1uu26.mongodb.net:27017
2022-11-30 12:11:05.354  INFO 7591 --- [ngodb.net:27017] org.mongodb.driver.connection            : Opened connection [connectionId{localValue:1, serverValue:17813}] to ac-nqexlnh-shard-00-02.pk1uu26.mongodb.net:27017
2022-11-30 12:11:05.355  INFO 7591 --- [ngodb.net:27017] org.mongodb.driver.connection            : Opened connection [connectionId{localValue:3, serverValue:46918}] to ac-nqexlnh-shard-00-00.pk1uu26.mongodb.net:27017
2022-11-30 12:11:05.451  INFO 7591 --- [ngodb.net:27017] org.mongodb.driver.cluster               : Monitor thread successfully connected to server with description ServerDescription{address=ac-nqexlnh-shard-00-02.pk1uu26.mongodb.net:27017, type=REPLICA_SET_PRIMARY, state=CONNECTED, ok=true, minWireVersion=0, maxWireVersion=13, maxDocumentSize=16777216, logicalSessionTimeoutMinutes=30, roundTripTimeNanos=86952630, setName='atlas-kcob8x-shard-0', canonicalAddress=ac-nqexlnh-shard-00-02.pk1uu26.mongodb.net:27017, hosts=[ac-nqexlnh-shard-00-02.pk1uu26.mongodb.net:27017, ac-nqexlnh-shard-00-01.pk1uu26.mongodb.net:27017, ac-nqexlnh-shard-00-00.pk1uu26.mongodb.net:27017], passives=[], arbiters=[], primary='ac-nqexlnh-shard-00-02.pk1uu26.mongodb.net:27017', tagSet=TagSet{[Tag{name='nodeType', value='ELECTABLE'}, Tag{name='provider', value='AWS'}, Tag{name='region', value='US_EAST_1'}, Tag{name='workloadType', value='OPERATIONAL'}]}, electionId=7fffffff00000000000000ee, setVersion=8, lastWriteDate=Wed Nov 30 12:11:05 COT 2022, lastUpdateTimeNanos=13920251145032}
2022-11-30 12:11:05.451  INFO 7591 --- [ngodb.net:27017] org.mongodb.driver.cluster               : Monitor thread successfully connected to server with description ServerDescription{address=ac-nqexlnh-shard-00-01.pk1uu26.mongodb.net:27017, type=REPLICA_SET_SECONDARY, state=CONNECTED, ok=true, minWireVersion=0, maxWireVersion=13, maxDocumentSize=16777216, logicalSessionTimeoutMinutes=30, roundTripTimeNanos=95124309, setName='atlas-kcob8x-shard-0', canonicalAddress=ac-nqexlnh-shard-00-01.pk1uu26.mongodb.net:27017, hosts=[ac-nqexlnh-shard-00-02.pk1uu26.mongodb.net:27017, ac-nqexlnh-shard-00-01.pk1uu26.mongodb.net:27017, ac-nqexlnh-shard-00-00.pk1uu26.mongodb.net:27017], passives=[], arbiters=[], primary='ac-nqexlnh-shard-00-02.pk1uu26.mongodb.net:27017', tagSet=TagSet{[Tag{name='nodeType', value='ELECTABLE'}, Tag{name='provider', value='AWS'}, Tag{name='region', value='US_EAST_1'}, Tag{name='workloadType', value='OPERATIONAL'}]}, electionId=null, setVersion=8, lastWriteDate=Wed Nov 30 12:11:05 COT 2022, lastUpdateTimeNanos=13920258996802}
2022-11-30 12:11:05.452  INFO 7591 --- [ngodb.net:27017] org.mongodb.driver.cluster               : Setting max election id to 7fffffff00000000000000ee from replica set primary ac-nqexlnh-shard-00-02.pk1uu26.mongodb.net:27017
2022-11-30 12:11:05.453  INFO 7591 --- [ngodb.net:27017] org.mongodb.driver.cluster               : Setting max set version to 8 from replica set primary ac-nqexlnh-shard-00-02.pk1uu26.mongodb.net:27017
2022-11-30 12:11:05.453  INFO 7591 --- [ngodb.net:27017] org.mongodb.driver.cluster               : Discovered replica set primary ac-nqexlnh-shard-00-02.pk1uu26.mongodb.net:27017
2022-11-30 12:11:05.455  INFO 7591 --- [ngodb.net:27017] org.mongodb.driver.cluster               : Monitor thread successfully connected to server with description ServerDescription{address=ac-nqexlnh-shard-00-00.pk1uu26.mongodb.net:27017, type=REPLICA_SET_SECONDARY, state=CONNECTED, ok=true, minWireVersion=0, maxWireVersion=13, maxDocumentSize=16777216, logicalSessionTimeoutMinutes=30, roundTripTimeNanos=99595267, setName='atlas-kcob8x-shard-0', canonicalAddress=ac-nqexlnh-shard-00-00.pk1uu26.mongodb.net:27017, hosts=[ac-nqexlnh-shard-00-02.pk1uu26.mongodb.net:27017, ac-nqexlnh-shard-00-01.pk1uu26.mongodb.net:27017, ac-nqexlnh-shard-00-00.pk1uu26.mongodb.net:27017], passives=[], arbiters=[], primary='ac-nqexlnh-shard-00-02.pk1uu26.mongodb.net:27017', tagSet=TagSet{[Tag{name='nodeType', value='ELECTABLE'}, Tag{name='provider', value='AWS'}, Tag{name='region', value='US_EAST_1'}, Tag{name='workloadType', value='OPERATIONAL'}]}, electionId=null, setVersion=8, lastWriteDate=Wed Nov 30 12:11:05 COT 2022, lastUpdateTimeNanos=13920263672453}
2022-11-30 12:11:05.686  INFO 7591 --- [    Test worker] o.s.s.web.DefaultSecurityFilterChain     : Creating filter chain: any request, [org.springframework.security.web.context.request.async.WebAsyncManagerIntegrationFilter@7793b55d, org.springframework.security.web.context.SecurityContextPersistenceFilter@1a06602f, org.springframework.security.web.header.HeaderWriterFilter@36511772, org.springframework.web.filter.CorsFilter@2ac9e53c, org.springframework.security.web.authentication.logout.LogoutFilter@41bd6a0f, com.losheroes.clients.security.JwtTokenFilter@4ac7856f, org.springframework.security.web.savedrequest.RequestCacheAwareFilter@2110684a, org.springframework.security.web.servletapi.SecurityContextHolderAwareRequestFilter@2d3b0978, org.springframework.security.web.authentication.AnonymousAuthenticationFilter@432f4626, org.springframework.security.web.session.SessionManagementFilter@2ecdcfe3, org.springframework.security.web.access.ExceptionTranslationFilter@28dacf31, org.springframework.security.web.access.intercept.FilterSecurityInterceptor@51df2a41]
2022-11-30 12:11:05.859  INFO 7591 --- [    Test worker] o.s.s.concurrent.ThreadPoolTaskExecutor  : Initializing ExecutorService 'applicationTaskExecutor'
2022-11-30 12:11:06.163  INFO 7591 --- [    Test worker] c.l.clients.ClientsApplicationTests      : Started ClientsApplicationTests in 2.822 seconds (JVM running for 3.599)
]]></system-out>
  <system-err><![CDATA[]]></system-err>
</testsuite>
